<?xml version="1.0" encoding="UTF-8"?>
<!-- Generated by org.testng.reporters.JUnitXMLReporter -->
<testsuite ignored="0" hostname="LAPTOP-U2DFAHNC" failures="0" tests="4" name="Mytest" time="46.807" errors="0" timestamp="2024-03-07T12:50:35 IST">
  <testcase classname="TestNGdemo.AmazonTest" name="bestsellers" time="1.675"/>
  <testcase classname="TestNGdemo.AmazonTest" name="mobiles" time="3.075"/>
  <testcase classname="TestNGdemo.AmazonTest" name="Todaysdeals" time="2.016"/>
  <testcase classname="TestNGdemo.AmazonTest" name="Electronics" time="27.525"/>
</testsuite> <!-- Mytest -->
